<?xml version="1.0" encoding="UTF-8"?>
<!-- Generated by org.testng.reporters.JUnitReportReporter -->
<testsuite skipped="0" hostname="DESKTOP-SSR0MR3" name="com.eo.tests.GetUsersPrintHeaders" tests="1" failures="0" timestamp="28 Jan 2021 16:25:10 GMT" time="3.047" errors="0">
  <testcase name="getAllHeadersPrint" time="3.047" classname="com.eo.tests.GetUsersPrintHeaders"/>
</testsuite> <!-- com.eo.tests.GetUsersPrintHeaders -->
